<?xml version="1.0" encoding="UTF-8"?>
<testsuite xmlns:xsi="http://www.w3.org/2001/XMLSchema-instance" xsi:noNamespaceSchemaLocation="https://maven.apache.org/surefire/maven-surefire-plugin/xsd/surefire-test-report-3.0.xsd" version="3.0" name="com.scms.controller.EnrollmentControllerTest" time="0.146" tests="5" errors="0" skipped="0" failures="0">
  <properties>
    <property name="java.specification.version" value="24"/>
    <property name="sun.jnu.encoding" value="UTF-8"/>
    <property name="java.class.path" value="/Users/mohamedraslan/cursor_projects/Uni/major_task__student_course_management_system/target/test-classes:/Users/mohamedraslan/cursor_projects/Uni/major_task__student_course_management_system/target/classes:/Users/mohamedraslan/.m2/repository/org/springframework/boot/spring-boot-starter-web/3.5.4/spring-boot-starter-web-3.5.4.jar:/Users/mohamedraslan/.m2/repository/org/springframework/boot/spring-boot-starter/3.5.4/spring-boot-starter-3.5.4.jar:/Users/mohamedraslan/.m2/repository/org/springframework/boot/spring-boot/3.5.4/spring-boot-3.5.4.jar:/Users/mohamedraslan/.m2/repository/org/springframework/boot/spring-boot-autoconfigure/3.5.4/spring-boot-autoconfigure-3.5.4.jar:/Users/mohamedraslan/.m2/repository/org/springframework/boot/spring-boot-starter-logging/3.5.4/spring-boot-starter-logging-3.5.4.jar:/Users/mohamedraslan/.m2/repository/ch/qos/logback/logback-classic/1.5.18/logback-classic-1.5.18.jar:/Users/mohamedraslan/.m2/repository/ch/qos/logback/logback-core/1.5.18/logback-core-1.5.18.jar:/Users/mohamedraslan/.m2/repository/org/apache/logging/log4j/log4j-to-slf4j/2.24.3/log4j-to-slf4j-2.24.3.jar:/Users/mohamedraslan/.m2/repository/org/apache/logging/log4j/log4j-api/2.24.3/log4j-api-2.24.3.jar:/Users/mohamedraslan/.m2/repository/org/slf4j/jul-to-slf4j/2.0.17/jul-to-slf4j-2.0.17.jar:/Users/mohamedraslan/.m2/repository/jakarta/annotation/jakarta.annotation-api/2.1.1/jakarta.annotation-api-2.1.1.jar:/Users/mohamedraslan/.m2/repository/org/yaml/snakeyaml/2.4/snakeyaml-2.4.jar:/Users/mohamedraslan/.m2/repository/org/springframework/boot/spring-boot-starter-json/3.5.4/spring-boot-starter-json-3.5.4.jar:/Users/mohamedraslan/.m2/repository/com/fasterxml/jackson/core/jackson-databind/2.19.2/jackson-databind-2.19.2.jar:/Users/mohamedraslan/.m2/repository/com/fasterxml/jackson/core/jackson-annotations/2.19.2/jackson-annotations-2.19.2.jar:/Users/mohamedraslan/.m2/repository/com/fasterxml/jackson/core/jackson-core/2.19.2/jackson-core-2.19.2.jar:/Users/mohamedraslan/.m2/repository/com/fasterxml/jackson/datatype/jackson-datatype-jdk8/2.19.2/jackson-datatype-jdk8-2.19.2.jar:/Users/mohamedraslan/.m2/repository/com/fasterxml/jackson/datatype/jackson-datatype-jsr310/2.19.2/jackson-datatype-jsr310-2.19.2.jar:/Users/mohamedraslan/.m2/repository/com/fasterxml/jackson/module/jackson-module-parameter-names/2.19.2/jackson-module-parameter-names-2.19.2.jar:/Users/mohamedraslan/.m2/repository/org/springframework/boot/spring-boot-starter-tomcat/3.5.4/spring-boot-starter-tomcat-3.5.4.jar:/Users/mohamedraslan/.m2/repository/org/apache/tomcat/embed/tomcat-embed-core/10.1.43/tomcat-embed-core-10.1.43.jar:/Users/mohamedraslan/.m2/repository/org/apache/tomcat/embed/tomcat-embed-websocket/10.1.43/tomcat-embed-websocket-10.1.43.jar:/Users/mohamedraslan/.m2/repository/org/springframework/spring-web/6.2.9/spring-web-6.2.9.jar:/Users/mohamedraslan/.m2/repository/org/springframework/spring-beans/6.2.9/spring-beans-6.2.9.jar:/Users/mohamedraslan/.m2/repository/io/micrometer/micrometer-observation/1.15.2/micrometer-observation-1.15.2.jar:/Users/mohamedraslan/.m2/repository/io/micrometer/micrometer-commons/1.15.2/micrometer-commons-1.15.2.jar:/Users/mohamedraslan/.m2/repository/org/springframework/spring-webmvc/6.2.9/spring-webmvc-6.2.9.jar:/Users/mohamedraslan/.m2/repository/org/springframework/spring-context/6.2.9/spring-context-6.2.9.jar:/Users/mohamedraslan/.m2/repository/org/springframework/spring-expression/6.2.9/spring-expression-6.2.9.jar:/Users/mohamedraslan/.m2/repository/org/springframework/boot/spring-boot-starter-data-jpa/3.5.4/spring-boot-starter-data-jpa-3.5.4.jar:/Users/mohamedraslan/.m2/repository/org/springframework/boot/spring-boot-starter-jdbc/3.5.4/spring-boot-starter-jdbc-3.5.4.jar:/Users/mohamedraslan/.m2/repository/com/zaxxer/HikariCP/6.3.1/HikariCP-6.3.1.jar:/Users/mohamedraslan/.m2/repository/org/springframework/spring-jdbc/6.2.9/spring-jdbc-6.2.9.jar:/Users/mohamedraslan/.m2/repository/org/hibernate/orm/hibernate-core/6.6.22.Final/hibernate-core-6.6.22.Final.jar:/Users/mohamedraslan/.m2/repository/jakarta/persistence/jakarta.persistence-api/3.1.0/jakarta.persistence-api-3.1.0.jar:/Users/mohamedraslan/.m2/repository/jakarta/transaction/jakarta.transaction-api/2.0.1/jakarta.transaction-api-2.0.1.jar:/Users/mohamedraslan/.m2/repository/org/jboss/logging/jboss-logging/3.6.1.Final/jboss-logging-3.6.1.Final.jar:/Users/mohamedraslan/.m2/repository/org/hibernate/common/hibernate-commons-annotations/7.0.3.Final/hibernate-commons-annotations-7.0.3.Final.jar:/Users/mohamedraslan/.m2/repository/io/smallrye/jandex/3.2.0/jandex-3.2.0.jar:/Users/mohamedraslan/.m2/repository/com/fasterxml/classmate/1.7.0/classmate-1.7.0.jar:/Users/mohamedraslan/.m2/repository/net/bytebuddy/byte-buddy/1.17.6/byte-buddy-1.17.6.jar:/Users/mohamedraslan/.m2/repository/org/glassfish/jaxb/jaxb-runtime/4.0.5/jaxb-runtime-4.0.5.jar:/Users/mohamedraslan/.m2/repository/org/glassfish/jaxb/jaxb-core/4.0.5/jaxb-core-4.0.5.jar:/Users/mohamedraslan/.m2/repository/org/eclipse/angus/angus-activation/2.0.2/angus-activation-2.0.2.jar:/Users/mohamedraslan/.m2/repository/org/glassfish/jaxb/txw2/4.0.5/txw2-4.0.5.jar:/Users/mohamedraslan/.m2/repository/com/sun/istack/istack-commons-runtime/4.1.2/istack-commons-runtime-4.1.2.jar:/Users/mohamedraslan/.m2/repository/jakarta/inject/jakarta.inject-api/2.0.1/jakarta.inject-api-2.0.1.jar:/Users/mohamedraslan/.m2/repository/org/antlr/antlr4-runtime/4.13.0/antlr4-runtime-4.13.0.jar:/Users/mohamedraslan/.m2/repository/org/springframework/data/spring-data-jpa/3.5.2/spring-data-jpa-3.5.2.jar:/Users/mohamedraslan/.m2/repository/org/springframework/data/spring-data-commons/3.5.2/spring-data-commons-3.5.2.jar:/Users/mohamedraslan/.m2/repository/org/springframework/spring-orm/6.2.9/spring-orm-6.2.9.jar:/Users/mohamedraslan/.m2/repository/org/springframework/spring-tx/6.2.9/spring-tx-6.2.9.jar:/Users/mohamedraslan/.m2/repository/org/slf4j/slf4j-api/2.0.17/slf4j-api-2.0.17.jar:/Users/mohamedraslan/.m2/repository/org/springframework/spring-aspects/6.2.9/spring-aspects-6.2.9.jar:/Users/mohamedraslan/.m2/repository/com/h2database/h2/2.3.232/h2-2.3.232.jar:/Users/mohamedraslan/.m2/repository/com/mysql/mysql-connector-j/9.3.0/mysql-connector-j-9.3.0.jar:/Users/mohamedraslan/.m2/repository/org/springframework/boot/spring-boot-starter-security/3.5.4/spring-boot-starter-security-3.5.4.jar:/Users/mohamedraslan/.m2/repository/org/springframework/spring-aop/6.2.9/spring-aop-6.2.9.jar:/Users/mohamedraslan/.m2/repository/org/springframework/security/spring-security-config/6.5.2/spring-security-config-6.5.2.jar:/Users/mohamedraslan/.m2/repository/org/springframework/security/spring-security-web/6.5.2/spring-security-web-6.5.2.jar:/Users/mohamedraslan/.m2/repository/org/springframework/boot/spring-boot-starter-thymeleaf/3.5.4/spring-boot-starter-thymeleaf-3.5.4.jar:/Users/mohamedraslan/.m2/repository/org/thymeleaf/thymeleaf-spring6/3.1.3.RELEASE/thymeleaf-spring6-3.1.3.RELEASE.jar:/Users/mohamedraslan/.m2/repository/org/thymeleaf/thymeleaf/3.1.3.RELEASE/thymeleaf-3.1.3.RELEASE.jar:/Users/mohamedraslan/.m2/repository/org/attoparser/attoparser/2.0.7.RELEASE/attoparser-2.0.7.RELEASE.jar:/Users/mohamedraslan/.m2/repository/org/unbescape/unbescape/1.1.6.RELEASE/unbescape-1.1.6.RELEASE.jar:/Users/mohamedraslan/.m2/repository/org/springframework/boot/spring-boot-starter-validation/3.5.4/spring-boot-starter-validation-3.5.4.jar:/Users/mohamedraslan/.m2/repository/org/apache/tomcat/embed/tomcat-embed-el/10.1.43/tomcat-embed-el-10.1.43.jar:/Users/mohamedraslan/.m2/repository/org/hibernate/validator/hibernate-validator/8.0.2.Final/hibernate-validator-8.0.2.Final.jar:/Users/mohamedraslan/.m2/repository/jakarta/validation/jakarta.validation-api/3.0.2/jakarta.validation-api-3.0.2.jar:/Users/mohamedraslan/.m2/repository/org/springframework/boot/spring-boot-starter-aop/3.5.4/spring-boot-starter-aop-3.5.4.jar:/Users/mohamedraslan/.m2/repository/org/springdoc/springdoc-openapi-starter-webmvc-ui/2.3.0/springdoc-openapi-starter-webmvc-ui-2.3.0.jar:/Users/mohamedraslan/.m2/repository/org/springdoc/springdoc-openapi-starter-webmvc-api/2.3.0/springdoc-openapi-starter-webmvc-api-2.3.0.jar:/Users/mohamedraslan/.m2/repository/org/springdoc/springdoc-openapi-starter-common/2.3.0/springdoc-openapi-starter-common-2.3.0.jar:/Users/mohamedraslan/.m2/repository/io/swagger/core/v3/swagger-core-jakarta/2.2.19/swagger-core-jakarta-2.2.19.jar:/Users/mohamedraslan/.m2/repository/org/apache/commons/commons-lang3/3.17.0/commons-lang3-3.17.0.jar:/Users/mohamedraslan/.m2/repository/io/swagger/core/v3/swagger-annotations-jakarta/2.2.19/swagger-annotations-jakarta-2.2.19.jar:/Users/mohamedraslan/.m2/repository/io/swagger/core/v3/swagger-models-jakarta/2.2.19/swagger-models-jakarta-2.2.19.jar:/Users/mohamedraslan/.m2/repository/com/fasterxml/jackson/dataformat/jackson-dataformat-yaml/2.19.2/jackson-dataformat-yaml-2.19.2.jar:/Users/mohamedraslan/.m2/repository/org/webjars/swagger-ui/5.10.3/swagger-ui-5.10.3.jar:/Users/mohamedraslan/.m2/repository/org/springframework/boot/spring-boot-starter-test/3.5.4/spring-boot-starter-test-3.5.4.jar:/Users/mohamedraslan/.m2/repository/org/springframework/boot/spring-boot-test/3.5.4/spring-boot-test-3.5.4.jar:/Users/mohamedraslan/.m2/repository/org/springframework/boot/spring-boot-test-autoconfigure/3.5.4/spring-boot-test-autoconfigure-3.5.4.jar:/Users/mohamedraslan/.m2/repository/com/jayway/jsonpath/json-path/2.9.0/json-path-2.9.0.jar:/Users/mohamedraslan/.m2/repository/jakarta/xml/bind/jakarta.xml.bind-api/4.0.2/jakarta.xml.bind-api-4.0.2.jar:/Users/mohamedraslan/.m2/repository/jakarta/activation/jakarta.activation-api/2.1.3/jakarta.activation-api-2.1.3.jar:/Users/mohamedraslan/.m2/repository/net/minidev/json-smart/2.5.2/json-smart-2.5.2.jar:/Users/mohamedraslan/.m2/repository/net/minidev/accessors-smart/2.5.2/accessors-smart-2.5.2.jar:/Users/mohamedraslan/.m2/repository/org/ow2/asm/asm/9.7.1/asm-9.7.1.jar:/Users/mohamedraslan/.m2/repository/org/assertj/assertj-core/3.27.3/assertj-core-3.27.3.jar:/Users/mohamedraslan/.m2/repository/org/awaitility/awaitility/4.2.2/awaitility-4.2.2.jar:/Users/mohamedraslan/.m2/repository/org/hamcrest/hamcrest/3.0/hamcrest-3.0.jar:/Users/mohamedraslan/.m2/repository/org/junit/jupiter/junit-jupiter/5.12.2/junit-jupiter-5.12.2.jar:/Users/mohamedraslan/.m2/repository/org/junit/jupiter/junit-jupiter-api/5.12.2/junit-jupiter-api-5.12.2.jar:/Users/mohamedraslan/.m2/repository/org/opentest4j/opentest4j/1.3.0/opentest4j-1.3.0.jar:/Users/mohamedraslan/.m2/repository/org/junit/platform/junit-platform-commons/1.12.2/junit-platform-commons-1.12.2.jar:/Users/mohamedraslan/.m2/repository/org/apiguardian/apiguardian-api/1.1.2/apiguardian-api-1.1.2.jar:/Users/mohamedraslan/.m2/repository/org/junit/jupiter/junit-jupiter-params/5.12.2/junit-jupiter-params-5.12.2.jar:/Users/mohamedraslan/.m2/repository/org/junit/jupiter/junit-jupiter-engine/5.12.2/junit-jupiter-engine-5.12.2.jar:/Users/mohamedraslan/.m2/repository/org/junit/platform/junit-platform-engine/1.12.2/junit-platform-engine-1.12.2.jar:/Users/mohamedraslan/.m2/repository/org/mockito/mockito-core/5.17.0/mockito-core-5.17.0.jar:/Users/mohamedraslan/.m2/repository/net/bytebuddy/byte-buddy-agent/1.17.6/byte-buddy-agent-1.17.6.jar:/Users/mohamedraslan/.m2/repository/org/objenesis/objenesis/3.3/objenesis-3.3.jar:/Users/mohamedraslan/.m2/repository/org/mockito/mockito-junit-jupiter/5.17.0/mockito-junit-jupiter-5.17.0.jar:/Users/mohamedraslan/.m2/repository/org/skyscreamer/jsonassert/1.5.3/jsonassert-1.5.3.jar:/Users/mohamedraslan/.m2/repository/com/vaadin/external/google/android-json/0.0.20131108.vaadin1/android-json-0.0.20131108.vaadin1.jar:/Users/mohamedraslan/.m2/repository/org/springframework/spring-core/6.2.9/spring-core-6.2.9.jar:/Users/mohamedraslan/.m2/repository/org/springframework/spring-jcl/6.2.9/spring-jcl-6.2.9.jar:/Users/mohamedraslan/.m2/repository/org/springframework/spring-test/6.2.9/spring-test-6.2.9.jar:/Users/mohamedraslan/.m2/repository/org/xmlunit/xmlunit-core/2.10.3/xmlunit-core-2.10.3.jar:/Users/mohamedraslan/.m2/repository/org/springframework/security/spring-security-test/6.5.2/spring-security-test-6.5.2.jar:/Users/mohamedraslan/.m2/repository/org/springframework/security/spring-security-core/6.5.2/spring-security-core-6.5.2.jar:/Users/mohamedraslan/.m2/repository/org/springframework/security/spring-security-crypto/6.5.2/spring-security-crypto-6.5.2.jar:/Users/mohamedraslan/.m2/repository/org/aspectj/aspectjweaver/1.9.24/aspectjweaver-1.9.24.jar:/Users/mohamedraslan/.m2/repository/org/aspectj/aspectjrt/1.9.24/aspectjrt-1.9.24.jar:"/>
    <property name="java.vm.vendor" value="Homebrew"/>
    <property name="sun.arch.data.model" value="64"/>
    <property name="java.vendor.url" value="https://github.com/Homebrew/homebrew-core/issues"/>
    <property name="user.timezone" value="Africa/Cairo"/>
    <property name="org.jboss.logging.provider" value="slf4j"/>
    <property name="os.name" value="Mac OS X"/>
    <property name="java.vm.specification.version" value="24"/>
    <property name="sun.java.launcher" value="SUN_STANDARD"/>
    <property name="user.country" value="GB"/>
    <property name="sun.boot.library.path" value="/opt/homebrew/Cellar/openjdk/24.0.1/libexec/openjdk.jdk/Contents/Home/lib"/>
    <property name="sun.java.command" value="/Users/mohamedraslan/cursor_projects/Uni/major_task__student_course_management_system/target/surefire/surefirebooter-20250817224510824_3.jar /Users/mohamedraslan/cursor_projects/Uni/major_task__student_course_management_system/target/surefire 2025-08-17T22-45-10_782-jvmRun1 surefire-20250817224510824_1tmp surefire_0-20250817224510824_2tmp"/>
    <property name="http.nonProxyHosts" value="local|*.local|169.254/16|*.169.254/16"/>
    <property name="jdk.debug" value="release"/>
    <property name="surefire.test.class.path" value="/Users/mohamedraslan/cursor_projects/Uni/major_task__student_course_management_system/target/test-classes:/Users/mohamedraslan/cursor_projects/Uni/major_task__student_course_management_system/target/classes:/Users/mohamedraslan/.m2/repository/org/springframework/boot/spring-boot-starter-web/3.5.4/spring-boot-starter-web-3.5.4.jar:/Users/mohamedraslan/.m2/repository/org/springframework/boot/spring-boot-starter/3.5.4/spring-boot-starter-3.5.4.jar:/Users/mohamedraslan/.m2/repository/org/springframework/boot/spring-boot/3.5.4/spring-boot-3.5.4.jar:/Users/mohamedraslan/.m2/repository/org/springframework/boot/spring-boot-autoconfigure/3.5.4/spring-boot-autoconfigure-3.5.4.jar:/Users/mohamedraslan/.m2/repository/org/springframework/boot/spring-boot-starter-logging/3.5.4/spring-boot-starter-logging-3.5.4.jar:/Users/mohamedraslan/.m2/repository/ch/qos/logback/logback-classic/1.5.18/logback-classic-1.5.18.jar:/Users/mohamedraslan/.m2/repository/ch/qos/logback/logback-core/1.5.18/logback-core-1.5.18.jar:/Users/mohamedraslan/.m2/repository/org/apache/logging/log4j/log4j-to-slf4j/2.24.3/log4j-to-slf4j-2.24.3.jar:/Users/mohamedraslan/.m2/repository/org/apache/logging/log4j/log4j-api/2.24.3/log4j-api-2.24.3.jar:/Users/mohamedraslan/.m2/repository/org/slf4j/jul-to-slf4j/2.0.17/jul-to-slf4j-2.0.17.jar:/Users/mohamedraslan/.m2/repository/jakarta/annotation/jakarta.annotation-api/2.1.1/jakarta.annotation-api-2.1.1.jar:/Users/mohamedraslan/.m2/repository/org/yaml/snakeyaml/2.4/snakeyaml-2.4.jar:/Users/mohamedraslan/.m2/repository/org/springframework/boot/spring-boot-starter-json/3.5.4/spring-boot-starter-json-3.5.4.jar:/Users/mohamedraslan/.m2/repository/com/fasterxml/jackson/core/jackson-databind/2.19.2/jackson-databind-2.19.2.jar:/Users/mohamedraslan/.m2/repository/com/fasterxml/jackson/core/jackson-annotations/2.19.2/jackson-annotations-2.19.2.jar:/Users/mohamedraslan/.m2/repository/com/fasterxml/jackson/core/jackson-core/2.19.2/jackson-core-2.19.2.jar:/Users/mohamedraslan/.m2/repository/com/fasterxml/jackson/datatype/jackson-datatype-jdk8/2.19.2/jackson-datatype-jdk8-2.19.2.jar:/Users/mohamedraslan/.m2/repository/com/fasterxml/jackson/datatype/jackson-datatype-jsr310/2.19.2/jackson-datatype-jsr310-2.19.2.jar:/Users/mohamedraslan/.m2/repository/com/fasterxml/jackson/module/jackson-module-parameter-names/2.19.2/jackson-module-parameter-names-2.19.2.jar:/Users/mohamedraslan/.m2/repository/org/springframework/boot/spring-boot-starter-tomcat/3.5.4/spring-boot-starter-tomcat-3.5.4.jar:/Users/mohamedraslan/.m2/repository/org/apache/tomcat/embed/tomcat-embed-core/10.1.43/tomcat-embed-core-10.1.43.jar:/Users/mohamedraslan/.m2/repository/org/apache/tomcat/embed/tomcat-embed-websocket/10.1.43/tomcat-embed-websocket-10.1.43.jar:/Users/mohamedraslan/.m2/repository/org/springframework/spring-web/6.2.9/spring-web-6.2.9.jar:/Users/mohamedraslan/.m2/repository/org/springframework/spring-beans/6.2.9/spring-beans-6.2.9.jar:/Users/mohamedraslan/.m2/repository/io/micrometer/micrometer-observation/1.15.2/micrometer-observation-1.15.2.jar:/Users/mohamedraslan/.m2/repository/io/micrometer/micrometer-commons/1.15.2/micrometer-commons-1.15.2.jar:/Users/mohamedraslan/.m2/repository/org/springframework/spring-webmvc/6.2.9/spring-webmvc-6.2.9.jar:/Users/mohamedraslan/.m2/repository/org/springframework/spring-context/6.2.9/spring-context-6.2.9.jar:/Users/mohamedraslan/.m2/repository/org/springframework/spring-expression/6.2.9/spring-expression-6.2.9.jar:/Users/mohamedraslan/.m2/repository/org/springframework/boot/spring-boot-starter-data-jpa/3.5.4/spring-boot-starter-data-jpa-3.5.4.jar:/Users/mohamedraslan/.m2/repository/org/springframework/boot/spring-boot-starter-jdbc/3.5.4/spring-boot-starter-jdbc-3.5.4.jar:/Users/mohamedraslan/.m2/repository/com/zaxxer/HikariCP/6.3.1/HikariCP-6.3.1.jar:/Users/mohamedraslan/.m2/repository/org/springframework/spring-jdbc/6.2.9/spring-jdbc-6.2.9.jar:/Users/mohamedraslan/.m2/repository/org/hibernate/orm/hibernate-core/6.6.22.Final/hibernate-core-6.6.22.Final.jar:/Users/mohamedraslan/.m2/repository/jakarta/persistence/jakarta.persistence-api/3.1.0/jakarta.persistence-api-3.1.0.jar:/Users/mohamedraslan/.m2/repository/jakarta/transaction/jakarta.transaction-api/2.0.1/jakarta.transaction-api-2.0.1.jar:/Users/mohamedraslan/.m2/repository/org/jboss/logging/jboss-logging/3.6.1.Final/jboss-logging-3.6.1.Final.jar:/Users/mohamedraslan/.m2/repository/org/hibernate/common/hibernate-commons-annotations/7.0.3.Final/hibernate-commons-annotations-7.0.3.Final.jar:/Users/mohamedraslan/.m2/repository/io/smallrye/jandex/3.2.0/jandex-3.2.0.jar:/Users/mohamedraslan/.m2/repository/com/fasterxml/classmate/1.7.0/classmate-1.7.0.jar:/Users/mohamedraslan/.m2/repository/net/bytebuddy/byte-buddy/1.17.6/byte-buddy-1.17.6.jar:/Users/mohamedraslan/.m2/repository/org/glassfish/jaxb/jaxb-runtime/4.0.5/jaxb-runtime-4.0.5.jar:/Users/mohamedraslan/.m2/repository/org/glassfish/jaxb/jaxb-core/4.0.5/jaxb-core-4.0.5.jar:/Users/mohamedraslan/.m2/repository/org/eclipse/angus/angus-activation/2.0.2/angus-activation-2.0.2.jar:/Users/mohamedraslan/.m2/repository/org/glassfish/jaxb/txw2/4.0.5/txw2-4.0.5.jar:/Users/mohamedraslan/.m2/repository/com/sun/istack/istack-commons-runtime/4.1.2/istack-commons-runtime-4.1.2.jar:/Users/mohamedraslan/.m2/repository/jakarta/inject/jakarta.inject-api/2.0.1/jakarta.inject-api-2.0.1.jar:/Users/mohamedraslan/.m2/repository/org/antlr/antlr4-runtime/4.13.0/antlr4-runtime-4.13.0.jar:/Users/mohamedraslan/.m2/repository/org/springframework/data/spring-data-jpa/3.5.2/spring-data-jpa-3.5.2.jar:/Users/mohamedraslan/.m2/repository/org/springframework/data/spring-data-commons/3.5.2/spring-data-commons-3.5.2.jar:/Users/mohamedraslan/.m2/repository/org/springframework/spring-orm/6.2.9/spring-orm-6.2.9.jar:/Users/mohamedraslan/.m2/repository/org/springframework/spring-tx/6.2.9/spring-tx-6.2.9.jar:/Users/mohamedraslan/.m2/repository/org/slf4j/slf4j-api/2.0.17/slf4j-api-2.0.17.jar:/Users/mohamedraslan/.m2/repository/org/springframework/spring-aspects/6.2.9/spring-aspects-6.2.9.jar:/Users/mohamedraslan/.m2/repository/com/h2database/h2/2.3.232/h2-2.3.232.jar:/Users/mohamedraslan/.m2/repository/com/mysql/mysql-connector-j/9.3.0/mysql-connector-j-9.3.0.jar:/Users/mohamedraslan/.m2/repository/org/springframework/boot/spring-boot-starter-security/3.5.4/spring-boot-starter-security-3.5.4.jar:/Users/mohamedraslan/.m2/repository/org/springframework/spring-aop/6.2.9/spring-aop-6.2.9.jar:/Users/mohamedraslan/.m2/repository/org/springframework/security/spring-security-config/6.5.2/spring-security-config-6.5.2.jar:/Users/mohamedraslan/.m2/repository/org/springframework/security/spring-security-web/6.5.2/spring-security-web-6.5.2.jar:/Users/mohamedraslan/.m2/repository/org/springframework/boot/spring-boot-starter-thymeleaf/3.5.4/spring-boot-starter-thymeleaf-3.5.4.jar:/Users/mohamedraslan/.m2/repository/org/thymeleaf/thymeleaf-spring6/3.1.3.RELEASE/thymeleaf-spring6-3.1.3.RELEASE.jar:/Users/mohamedraslan/.m2/repository/org/thymeleaf/thymeleaf/3.1.3.RELEASE/thymeleaf-3.1.3.RELEASE.jar:/Users/mohamedraslan/.m2/repository/org/attoparser/attoparser/2.0.7.RELEASE/attoparser-2.0.7.RELEASE.jar:/Users/mohamedraslan/.m2/repository/org/unbescape/unbescape/1.1.6.RELEASE/unbescape-1.1.6.RELEASE.jar:/Users/mohamedraslan/.m2/repository/org/springframework/boot/spring-boot-starter-validation/3.5.4/spring-boot-starter-validation-3.5.4.jar:/Users/mohamedraslan/.m2/repository/org/apache/tomcat/embed/tomcat-embed-el/10.1.43/tomcat-embed-el-10.1.43.jar:/Users/mohamedraslan/.m2/repository/org/hibernate/validator/hibernate-validator/8.0.2.Final/hibernate-validator-8.0.2.Final.jar:/Users/mohamedraslan/.m2/repository/jakarta/validation/jakarta.validation-api/3.0.2/jakarta.validation-api-3.0.2.jar:/Users/mohamedraslan/.m2/repository/org/springframework/boot/spring-boot-starter-aop/3.5.4/spring-boot-starter-aop-3.5.4.jar:/Users/mohamedraslan/.m2/repository/org/springdoc/springdoc-openapi-starter-webmvc-ui/2.3.0/springdoc-openapi-starter-webmvc-ui-2.3.0.jar:/Users/mohamedraslan/.m2/repository/org/springdoc/springdoc-openapi-starter-webmvc-api/2.3.0/springdoc-openapi-starter-webmvc-api-2.3.0.jar:/Users/mohamedraslan/.m2/repository/org/springdoc/springdoc-openapi-starter-common/2.3.0/springdoc-openapi-starter-common-2.3.0.jar:/Users/mohamedraslan/.m2/repository/io/swagger/core/v3/swagger-core-jakarta/2.2.19/swagger-core-jakarta-2.2.19.jar:/Users/mohamedraslan/.m2/repository/org/apache/commons/commons-lang3/3.17.0/commons-lang3-3.17.0.jar:/Users/mohamedraslan/.m2/repository/io/swagger/core/v3/swagger-annotations-jakarta/2.2.19/swagger-annotations-jakarta-2.2.19.jar:/Users/mohamedraslan/.m2/repository/io/swagger/core/v3/swagger-models-jakarta/2.2.19/swagger-models-jakarta-2.2.19.jar:/Users/mohamedraslan/.m2/repository/com/fasterxml/jackson/dataformat/jackson-dataformat-yaml/2.19.2/jackson-dataformat-yaml-2.19.2.jar:/Users/mohamedraslan/.m2/repository/org/webjars/swagger-ui/5.10.3/swagger-ui-5.10.3.jar:/Users/mohamedraslan/.m2/repository/org/springframework/boot/spring-boot-starter-test/3.5.4/spring-boot-starter-test-3.5.4.jar:/Users/mohamedraslan/.m2/repository/org/springframework/boot/spring-boot-test/3.5.4/spring-boot-test-3.5.4.jar:/Users/mohamedraslan/.m2/repository/org/springframework/boot/spring-boot-test-autoconfigure/3.5.4/spring-boot-test-autoconfigure-3.5.4.jar:/Users/mohamedraslan/.m2/repository/com/jayway/jsonpath/json-path/2.9.0/json-path-2.9.0.jar:/Users/mohamedraslan/.m2/repository/jakarta/xml/bind/jakarta.xml.bind-api/4.0.2/jakarta.xml.bind-api-4.0.2.jar:/Users/mohamedraslan/.m2/repository/jakarta/activation/jakarta.activation-api/2.1.3/jakarta.activation-api-2.1.3.jar:/Users/mohamedraslan/.m2/repository/net/minidev/json-smart/2.5.2/json-smart-2.5.2.jar:/Users/mohamedraslan/.m2/repository/net/minidev/accessors-smart/2.5.2/accessors-smart-2.5.2.jar:/Users/mohamedraslan/.m2/repository/org/ow2/asm/asm/9.7.1/asm-9.7.1.jar:/Users/mohamedraslan/.m2/repository/org/assertj/assertj-core/3.27.3/assertj-core-3.27.3.jar:/Users/mohamedraslan/.m2/repository/org/awaitility/awaitility/4.2.2/awaitility-4.2.2.jar:/Users/mohamedraslan/.m2/repository/org/hamcrest/hamcrest/3.0/hamcrest-3.0.jar:/Users/mohamedraslan/.m2/repository/org/junit/jupiter/junit-jupiter/5.12.2/junit-jupiter-5.12.2.jar:/Users/mohamedraslan/.m2/repository/org/junit/jupiter/junit-jupiter-api/5.12.2/junit-jupiter-api-5.12.2.jar:/Users/mohamedraslan/.m2/repository/org/opentest4j/opentest4j/1.3.0/opentest4j-1.3.0.jar:/Users/mohamedraslan/.m2/repository/org/junit/platform/junit-platform-commons/1.12.2/junit-platform-commons-1.12.2.jar:/Users/mohamedraslan/.m2/repository/org/apiguardian/apiguardian-api/1.1.2/apiguardian-api-1.1.2.jar:/Users/mohamedraslan/.m2/repository/org/junit/jupiter/junit-jupiter-params/5.12.2/junit-jupiter-params-5.12.2.jar:/Users/mohamedraslan/.m2/repository/org/junit/jupiter/junit-jupiter-engine/5.12.2/junit-jupiter-engine-5.12.2.jar:/Users/mohamedraslan/.m2/repository/org/junit/platform/junit-platform-engine/1.12.2/junit-platform-engine-1.12.2.jar:/Users/mohamedraslan/.m2/repository/org/mockito/mockito-core/5.17.0/mockito-core-5.17.0.jar:/Users/mohamedraslan/.m2/repository/net/bytebuddy/byte-buddy-agent/1.17.6/byte-buddy-agent-1.17.6.jar:/Users/mohamedraslan/.m2/repository/org/objenesis/objenesis/3.3/objenesis-3.3.jar:/Users/mohamedraslan/.m2/repository/org/mockito/mockito-junit-jupiter/5.17.0/mockito-junit-jupiter-5.17.0.jar:/Users/mohamedraslan/.m2/repository/org/skyscreamer/jsonassert/1.5.3/jsonassert-1.5.3.jar:/Users/mohamedraslan/.m2/repository/com/vaadin/external/google/android-json/0.0.20131108.vaadin1/android-json-0.0.20131108.vaadin1.jar:/Users/mohamedraslan/.m2/repository/org/springframework/spring-core/6.2.9/spring-core-6.2.9.jar:/Users/mohamedraslan/.m2/repository/org/springframework/spring-jcl/6.2.9/spring-jcl-6.2.9.jar:/Users/mohamedraslan/.m2/repository/org/springframework/spring-test/6.2.9/spring-test-6.2.9.jar:/Users/mohamedraslan/.m2/repository/org/xmlunit/xmlunit-core/2.10.3/xmlunit-core-2.10.3.jar:/Users/mohamedraslan/.m2/repository/org/springframework/security/spring-security-test/6.5.2/spring-security-test-6.5.2.jar:/Users/mohamedraslan/.m2/repository/org/springframework/security/spring-security-core/6.5.2/spring-security-core-6.5.2.jar:/Users/mohamedraslan/.m2/repository/org/springframework/security/spring-security-crypto/6.5.2/spring-security-crypto-6.5.2.jar:/Users/mohamedraslan/.m2/repository/org/aspectj/aspectjweaver/1.9.24/aspectjweaver-1.9.24.jar:/Users/mohamedraslan/.m2/repository/org/aspectj/aspectjrt/1.9.24/aspectjrt-1.9.24.jar:"/>
    <property name="sun.cpu.endian" value="little"/>
    <property name="user.home" value="/Users/mohamedraslan"/>
    <property name="user.language" value="en"/>
    <property name="java.specification.vendor" value="Oracle Corporation"/>
    <property name="java.version.date" value="2025-04-15"/>
    <property name="java.home" value="/opt/homebrew/Cellar/openjdk/24.0.1/libexec/openjdk.jdk/Contents/Home"/>
    <property name="file.separator" value="/"/>
    <property name="basedir" value="/Users/mohamedraslan/cursor_projects/Uni/major_task__student_course_management_system"/>
    <property name="java.vm.compressedOopsMode" value="Zero based"/>
    <property name="line.separator" value="&#10;"/>
    <property name="java.vm.specification.vendor" value="Oracle Corporation"/>
    <property name="java.specification.name" value="Java Platform API Specification"/>
    <property name="FILE_LOG_CHARSET" value="UTF-8"/>
    <property name="java.awt.headless" value="true"/>
    <property name="apple.awt.application.name" value="ForkedBooter"/>
    <property name="surefire.real.class.path" value="/Users/mohamedraslan/cursor_projects/Uni/major_task__student_course_management_system/target/surefire/surefirebooter-20250817224510824_3.jar"/>
    <property name="sun.management.compiler" value="HotSpot 64-Bit Tiered Compilers"/>
    <property name="ftp.nonProxyHosts" value="local|*.local|169.254/16|*.169.254/16"/>
    <property name="java.runtime.version" value="24.0.1"/>
    <property name="user.name" value="mohamedraslan"/>
    <property name="stdout.encoding" value="UTF-8"/>
    <property name="path.separator" value=":"/>
    <property name="os.version" value="15.5"/>
    <property name="java.runtime.name" value="OpenJDK Runtime Environment"/>
    <property name="file.encoding" value="UTF-8"/>
    <property name="java.vm.name" value="OpenJDK 64-Bit Server VM"/>
    <property name="java.vendor.version" value="Homebrew"/>
    <property name="localRepository" value="/Users/mohamedraslan/.m2/repository"/>
    <property name="java.vendor.url.bug" value="https://github.com/Homebrew/homebrew-core/issues"/>
    <property name="java.io.tmpdir" value="/var/folders/jw/x56yjptn17sfc80_ln5ttr_h0000gn/T/"/>
    <property name="com.zaxxer.hikari.pool_number" value="1"/>
    <property name="java.version" value="24.0.1"/>
    <property name="user.dir" value="/Users/mohamedraslan/cursor_projects/Uni/major_task__student_course_management_system"/>
    <property name="os.arch" value="aarch64"/>
    <property name="java.vm.specification.name" value="Java Virtual Machine Specification"/>
    <property name="PID" value="23430"/>
    <property name="CONSOLE_LOG_CHARSET" value="UTF-8"/>
    <property name="native.encoding" value="UTF-8"/>
    <property name="java.library.path" value="/Users/mohamedraslan/Library/Java/Extensions:/Library/Java/Extensions:/Network/Library/Java/Extensions:/System/Library/Java/Extensions:/usr/lib/java:."/>
    <property name="java.vm.info" value="mixed mode, sharing"/>
    <property name="stderr.encoding" value="UTF-8"/>
    <property name="java.vendor" value="Homebrew"/>
    <property name="java.vm.version" value="24.0.1"/>
    <property name="sun.io.unicode.encoding" value="UnicodeBig"/>
    <property name="socksNonProxyHosts" value="local|*.local|169.254/16|*.169.254/16"/>
    <property name="java.class.version" value="68.0"/>
  </properties>
  <testcase name="withdrawStudent_Success" classname="com.scms.controller.EnrollmentControllerTest" time="0.007">
    <system-out><![CDATA[2025-08-17T22:45:16.415+03:00  INFO 23430 --- [           main] t.c.s.AnnotationConfigContextLoaderUtils : Could not detect default configuration classes for test class [com.scms.controller.EnrollmentControllerTest]: EnrollmentControllerTest does not declare any static, non-private, non-final, nested classes annotated with @Configuration.
2025-08-17T22:45:16.419+03:00  INFO 23430 --- [           main] .b.t.c.SpringBootTestContextBootstrapper : Found @SpringBootConfiguration com.scms.ScmsApplication for test class com.scms.controller.EnrollmentControllerTest

  .   ____          _            __ _ _
 /\\ / ___'_ __ _ _(_)_ __  __ _ \ \ \ \
( ( )\___ | '_ | '_| | '_ \/ _` | \ \ \ \
 \\/  ___)| |_)| | | | | || (_| |  ) ) ) )
  '  |____| .__|_| |_|_| |_\__, | / / / /
 =========|_|==============|___/=/_/_/_/

 :: Spring Boot ::                (v3.5.4)

2025-08-17T22:45:16.428+03:00  INFO 23430 --- [           main] c.s.controller.EnrollmentControllerTest  : Starting EnrollmentControllerTest using Java 24.0.1 with PID 23430 (started by mohamedraslan in /Users/mohamedraslan/cursor_projects/Uni/major_task__student_course_management_system)
2025-08-17T22:45:16.428+03:00 DEBUG 23430 --- [           main] c.s.controller.EnrollmentControllerTest  : Running with Spring Boot v3.5.4, Spring v6.2.9
2025-08-17T22:45:16.428+03:00  INFO 23430 --- [           main] c.s.controller.EnrollmentControllerTest  : The following 1 profile is active: "dev"
2025-08-17T22:45:16.494+03:00  INFO 23430 --- [           main] o.s.b.a.w.s.WelcomePageHandlerMapping    : Adding welcome page template: index
2025-08-17T22:45:16.510+03:00  WARN 23430 --- [           main] .s.s.UserDetailsServiceAutoConfiguration : 

Using generated security password: 60458c69-94f1-48d0-a807-f3555ddd6d62

This generated password is for development use only. Your security configuration must be updated before running your application in production.

2025-08-17T22:45:16.511+03:00  INFO 23430 --- [           main] r$InitializeUserDetailsManagerConfigurer : Global AuthenticationManager configured with UserDetailsService bean with name inMemoryUserDetailsManager
2025-08-17T22:45:16.512+03:00 DEBUG 23430 --- [           main] o.s.s.web.DefaultSecurityFilterChain     : Will secure any request with filters: DisableEncodeUrlFilter, WebAsyncManagerIntegrationFilter, SecurityContextHolderFilter, HeaderWriterFilter, LogoutFilter, RequestCacheAwareFilter, SecurityContextHolderAwareRequestFilter, AnonymousAuthenticationFilter, ExceptionTranslationFilter, AuthorizationFilter
2025-08-17T22:45:16.526+03:00  INFO 23430 --- [           main] o.s.b.t.m.w.SpringBootMockServletContext : Initializing Spring TestDispatcherServlet ''
2025-08-17T22:45:16.526+03:00  INFO 23430 --- [           main] o.s.t.web.servlet.TestDispatcherServlet  : Initializing Servlet ''
2025-08-17T22:45:16.527+03:00  INFO 23430 --- [           main] o.s.t.web.servlet.TestDispatcherServlet  : Completed initialization in 1 ms
2025-08-17T22:45:16.530+03:00  INFO 23430 --- [           main] c.s.controller.EnrollmentControllerTest  : Started EnrollmentControllerTest in 0.109 seconds (process running for 5.67)
2025-08-17T22:45:16.533+03:00 DEBUG 23430 --- [           main] o.s.security.web.FilterChainProxy        : Securing POST /api/enrollments/withdraw
2025-08-17T22:45:16.533+03:00 DEBUG 23430 --- [           main] o.s.security.web.FilterChainProxy        : Secured POST /api/enrollments/withdraw
2025-08-17T22:45:16.536+03:00 DEBUG 23430 --- [           main] o.s.s.w.a.AnonymousAuthenticationFilter  : Set SecurityContextHolder to anonymous SecurityContext
]]></system-out>
  </testcase>
  <testcase name="getStudentEnrollments_Success" classname="com.scms.controller.EnrollmentControllerTest" time="0.007">
    <system-out><![CDATA[2025-08-17T22:45:16.541+03:00 DEBUG 23430 --- [           main] o.s.security.web.FilterChainProxy        : Securing GET /api/enrollments/student/1
2025-08-17T22:45:16.541+03:00 DEBUG 23430 --- [           main] o.s.security.web.FilterChainProxy        : Secured GET /api/enrollments/student/1
2025-08-17T22:45:16.545+03:00 DEBUG 23430 --- [           main] o.s.s.w.a.AnonymousAuthenticationFilter  : Set SecurityContextHolder to anonymous SecurityContext
]]></system-out>
  </testcase>
  <testcase name="isStudentEnrolled_Success" classname="com.scms.controller.EnrollmentControllerTest" time="0.004">
    <system-out><![CDATA[2025-08-17T22:45:16.549+03:00 DEBUG 23430 --- [           main] o.s.security.web.FilterChainProxy        : Securing GET /api/enrollments/check
2025-08-17T22:45:16.549+03:00 DEBUG 23430 --- [           main] o.s.security.web.FilterChainProxy        : Secured GET /api/enrollments/check
2025-08-17T22:45:16.551+03:00 DEBUG 23430 --- [           main] o.s.s.w.a.AnonymousAuthenticationFilter  : Set SecurityContextHolder to anonymous SecurityContext
]]></system-out>
  </testcase>
  <testcase name="getCourseEnrollments_Success" classname="com.scms.controller.EnrollmentControllerTest" time="0.005">
    <system-out><![CDATA[2025-08-17T22:45:16.554+03:00 DEBUG 23430 --- [           main] o.s.security.web.FilterChainProxy        : Securing GET /api/enrollments/course/1
2025-08-17T22:45:16.554+03:00 DEBUG 23430 --- [           main] o.s.security.web.FilterChainProxy        : Secured GET /api/enrollments/course/1
2025-08-17T22:45:16.555+03:00 DEBUG 23430 --- [           main] o.s.s.w.a.AnonymousAuthenticationFilter  : Set SecurityContextHolder to anonymous SecurityContext
]]></system-out>
  </testcase>
  <testcase name="enrollStudent_Success" classname="com.scms.controller.EnrollmentControllerTest" time="0.003">
    <system-out><![CDATA[2025-08-17T22:45:16.558+03:00 DEBUG 23430 --- [           main] o.s.security.web.FilterChainProxy        : Securing POST /api/enrollments/enroll
2025-08-17T22:45:16.558+03:00 DEBUG 23430 --- [           main] o.s.security.web.FilterChainProxy        : Secured POST /api/enrollments/enroll
2025-08-17T22:45:16.559+03:00 DEBUG 23430 --- [           main] o.s.s.w.a.AnonymousAuthenticationFilter  : Set SecurityContextHolder to anonymous SecurityContext
]]></system-out>
  </testcase>
</testsuite>